 >>> 偵測到以 root 身分執行，已自動加入 --allow-root
----------------------------------------------------------
 [1/3] 正在準備啟動容器: vnc-desktop...
       使用者家目錄: /root
----------------------------------------------------------
 [2/3] 正在執行 udocker --allow-root run 指令...
 >>> [容器內] 正在啟動 TigerVNC Server (Display :1)...

New Xtigervnc server 'c60710450a09:1 (root)' on port 5901 for display :1.
Use xtigervncviewer -SecurityTypes None c60710450a09:1 to connect to the VNC server.

 >>> [容器內] 正在生成 SSL 憑證 (self.pem)...
....+.........+...........+.......+..+................+...........+.+.....+.......+..+++++++++++++++++++++++++++++++++++++++++++++++++++++++++++++++++*........+.....+...+++++++++++++++++++++++++++++++++++++++++++++++++++++++++++++++++*......+...+..........+.....+....+..+...+.+.........+..+...+.......+....................+.+.........+......+...+..+.......+.....+...+++++++++++++++++++++++++++++++++++++++++++++++++++++++++++++++++
..+.+............+..+...+...............+...+....+...+.....+.........+.+...+..+....+...+.....................+.....+.......+...+.....+++++++++++++++++++++++++++++++++++++++++++++++++++++++++++++++++*.+..+.+..+............+..........+......+........+......+....+..+...+....+...+...+....................+++++++++++++++++++++++++++++++++++++++++++++++++++++++++++++++++*......+...+............+...+.......+...+...+.........+.....+............+...+.......+........+......+.+........+.+.....+.......+...+............+..............+....+...........+....+......+...+......+............+.........+...+..+.........+..........+.........+.....+...+.........+......+...+.......+...+......+........+......+.+..............+....+...........+......+...+.+.........+...+.........+.........+...........+......+.......+..+..........+...+......+.....+....+..+................+...+..+...+....+...+..+......+......+....+...........+...+..........+............+......+..+.+..+............+..................+.........+...............+.+.....+...........................+.+.....+.........+...+...+.....................+.+...+..+.........+.........+.+...+..+......+...+.......+...+......+........+.+..+............+......+.+...+..+...+.......+.....+......+....+......+..+.......+.....+.........+............+....+...+.....+...+...+.......+........+....+......+......+.....+.+..+.+.........+..+...+......+....+........+..........+.........+...........+.......+........+....+.....+....+.....+.+.....+.+.........+...+..+.........+....+..+.............+..+...+.+......+.....+......+..........+...+....................+++++++++++++++++++++++++++++++++++++++++++++++++++++++++++++++++
-----
 >>> [容器內] 正在啟動 websockify (noVNC 網頁代理)...
WebSocket server settings:
  - Listen on :6080
  - Web server. Web root: /usr/share/novnc
  - SSL/TLS support
  - Backgrounding (daemon)
Traceback (most recent call last):
  File "/usr/bin/websockify", line 33, in <module>
    sys.exit(load_entry_point('websockify==0.10.0', 'console_scripts', 'websockify')())
  File "/usr/lib/python3/dist-packages/websockify/websocketproxy.py", line 696, in websockify_init
    server.start_server()
  File "/usr/lib/python3/dist-packages/websockify/websockifyserver.py", line 704, in start_server
    lsock = self.socket(self.listen_host, self.listen_port, False,
  File "/usr/lib/python3/dist-packages/websockify/websockifyserver.py", line 470, in socket
    sock.bind(addrs[0][4])
OSError: [Errno 98] Address already in use
 
 ****************************************************************************** 
 *                                                                            * 
 *               STARTING 3e3a3f38-7199-3189-a5d3-5187ccf01339                * 
 *                                                                            * 
 ****************************************************************************** 
 executing: bash
